[debug] [2023-02-03T04:34:35.714Z] ----------------------------------------------------------------------
[debug] [2023-02-03T04:34:35.716Z] Command:       C:\Program Files\nodejs\node.exe C:\Users\Ahmed Yasser\AppData\Roaming\npm\node_modules\firebase-tools\lib\bin\firebase.js deploy
[debug] [2023-02-03T04:34:35.716Z] CLI Version:   10.6.0
[debug] [2023-02-03T04:34:35.716Z] Platform:      win32
[debug] [2023-02-03T04:34:35.716Z] Node Version:  v14.17.6
[debug] [2023-02-03T04:34:35.721Z] Time:          Thu Feb 02 2023 20:34:35 GMT-0800 (Pacific Standard Time)
[debug] [2023-02-03T04:34:35.721Z] ----------------------------------------------------------------------
[debug] 
[debug] [2023-02-03T04:34:35.724Z] >>> [apiv2][query] GET https://firebase-public.firebaseio.com/cli.json [none]
[debug] [2023-02-03T04:34:35.829Z] > command requires scopes: ["email","openid","https://www.googleapis.com/auth/cloudplatformprojects.readonly","https://www.googleapis.com/auth/firebase","https://www.googleapis.com/auth/cloud-platform"]
[debug] [2023-02-03T04:34:35.829Z] > authorizing via signed-in user (ahmedryasser@gmail.com)
[debug] [2023-02-03T04:34:35.829Z] [iam] checking project ahmed-najiub for permissions ["firebase.projects.get","firebasehosting.sites.update"]
[debug] [2023-02-03T04:34:35.830Z] > refreshing access token with scopes: []
[debug] [2023-02-03T04:34:35.831Z] >>> HTTP REQUEST POST https://www.googleapis.com/oauth2/v3/token  
 <request body omitted>
[debug] [2023-02-03T04:34:35.923Z] <<< HTTP RESPONSE 400 {"expires":"Mon, 01 Jan 1990 00:00:00 GMT","date":"Fri, 03 Feb 2023 04:34:41 GMT","cache-control":"no-cache, no-store, max-age=0, must-revalidate","pragma":"no-cache","content-type":"application/json; charset=utf-8","vary":"X-Origin, Referer, Origin,Accept-Encoding","server":"scaffolding on HTTPServer2","x-xss-protection":"0","x-frame-options":"SAMEORIGIN","x-content-type-options":"nosniff","alt-svc":"h3=\":443\"; ma=2592000,h3-29=\":443\"; ma=2592000","accept-ranges":"none","transfer-encoding":"chunked"}
[debug] [2023-02-03T04:34:35.924Z] >>> [apiv2][query] POST https://cloudresourcemanager.googleapis.com/v1/projects/ahmed-najiub:testIamPermissions [none]
[debug] [2023-02-03T04:34:35.924Z] >>> [apiv2][body] POST https://cloudresourcemanager.googleapis.com/v1/projects/ahmed-najiub:testIamPermissions {"permissions":["firebase.projects.get","firebasehosting.sites.update"]}
[debug] [2023-02-03T04:34:35.960Z] <<< [apiv2][status] GET https://firebase-public.firebaseio.com/cli.json 200
[debug] [2023-02-03T04:34:35.961Z] <<< [apiv2][body] GET https://firebase-public.firebaseio.com/cli.json {"cloudBuildErrorAfter":1594252800000,"cloudBuildWarnAfter":1590019200000,"defaultNode10After":1594252800000,"minVersion":"3.0.5","node8DeploysDisabledAfter":1613390400000,"node8RuntimeDisabledAfter":1615809600000,"node8WarnAfter":1600128000000}
[debug] [2023-02-03T04:34:37.665Z] <<< [apiv2][status] POST https://cloudresourcemanager.googleapis.com/v1/projects/ahmed-najiub:testIamPermissions 401
[debug] [2023-02-03T04:34:37.666Z] <<< [apiv2][body] POST https://cloudresourcemanager.googleapis.com/v1/projects/ahmed-najiub:testIamPermissions {"error":{"code":401,"message":"Request had invalid authentication credentials. Expected OAuth 2 access token, login cookie or other valid authentication credential. See https://developers.google.com/identity/sign-in/web/devconsole-project.","status":"UNAUTHENTICATED","details":[{"@type":"type.googleapis.com/google.rpc.ErrorInfo","reason":"ACCESS_TOKEN_TYPE_UNSUPPORTED","metadata":{"method":"google.cloudresourcemanager.v1.Projects.TestIamPermissions","service":"cloudresourcemanager.googleapis.com"}}]}}
[debug] [2023-02-03T04:34:37.667Z] [iam] error while checking permissions, command may fail: FirebaseError: HTTP Error: 401, Request had invalid authentication credentials. Expected OAuth 2 access token, login cookie or other valid authentication credential. See https://developers.google.com/identity/sign-in/web/devconsole-project.
[debug] [2023-02-03T04:34:37.667Z] > refreshing access token with scopes: []
[debug] [2023-02-03T04:34:37.667Z] >>> HTTP REQUEST POST https://www.googleapis.com/oauth2/v3/token  
 <request body omitted>
[debug] [2023-02-03T04:34:37.743Z] <<< HTTP RESPONSE 400 {"expires":"Mon, 01 Jan 1990 00:00:00 GMT","cache-control":"no-cache, no-store, max-age=0, must-revalidate","date":"Fri, 03 Feb 2023 04:34:43 GMT","pragma":"no-cache","content-type":"application/json; charset=utf-8","vary":"X-Origin, Referer, Origin,Accept-Encoding","server":"scaffolding on HTTPServer2","x-xss-protection":"0","x-frame-options":"SAMEORIGIN","x-content-type-options":"nosniff","alt-svc":"h3=\":443\"; ma=2592000,h3-29=\":443\"; ma=2592000","accept-ranges":"none","transfer-encoding":"chunked"}
[debug] [2023-02-03T04:34:37.744Z] >>> [apiv2][query] GET https://firebase.googleapis.com/v1beta1/projects/ahmed-najiub [none]
[debug] [2023-02-03T04:34:37.966Z] <<< [apiv2][status] GET https://firebase.googleapis.com/v1beta1/projects/ahmed-najiub 401
[debug] [2023-02-03T04:34:37.966Z] <<< [apiv2][body] GET https://firebase.googleapis.com/v1beta1/projects/ahmed-najiub {"error":{"code":401,"message":"Request had invalid authentication credentials. Expected OAuth 2 access token, login cookie or other valid authentication credential. See https://developers.google.com/identity/sign-in/web/devconsole-project.","status":"UNAUTHENTICATED"}}
[debug] [2023-02-03T04:34:37.967Z] HTTP Error: 401, Request had invalid authentication credentials. Expected OAuth 2 access token, login cookie or other valid authentication credential. See https://developers.google.com/identity/sign-in/web/devconsole-project.
[debug] [2023-02-03T04:34:38.005Z] FirebaseError: HTTP Error: 401, Request had invalid authentication credentials. Expected OAuth 2 access token, login cookie or other valid authentication credential. See https://developers.google.com/identity/sign-in/web/devconsole-project.
    at module.exports (C:\Users\Ahmed Yasser\AppData\Roaming\npm\node_modules\firebase-tools\lib\responseToError.js:47:12)
    at RetryOperation._fn (C:\Users\Ahmed Yasser\AppData\Roaming\npm\node_modules\firebase-tools\lib\apiv2.js:286:39)
    at processTicksAndRejections (internal/process/task_queues.js:95:5)
[error] 
[error] Error: Failed to get Firebase project ahmed-najiub. Please make sure the project exists and your account has permission to access it.
[debug] [2023-02-03T04:40:53.510Z] ----------------------------------------------------------------------
[debug] [2023-02-03T04:40:53.511Z] Command:       C:\Program Files\nodejs\node.exe C:\Users\Ahmed Yasser\AppData\Roaming\npm\node_modules\firebase-tools\lib\bin\firebase.js deploy
[debug] [2023-02-03T04:40:53.512Z] CLI Version:   10.6.0
[debug] [2023-02-03T04:40:53.512Z] Platform:      win32
[debug] [2023-02-03T04:40:53.512Z] Node Version:  v14.17.6
[debug] [2023-02-03T04:40:53.513Z] Time:          Thu Feb 02 2023 20:40:53 GMT-0800 (Pacific Standard Time)
[debug] [2023-02-03T04:40:53.513Z] ----------------------------------------------------------------------
[debug] 
[debug] [2023-02-03T04:40:53.573Z] > command requires scopes: ["email","openid","https://www.googleapis.com/auth/cloudplatformprojects.readonly","https://www.googleapis.com/auth/firebase","https://www.googleapis.com/auth/cloud-platform"]
[debug] [2023-02-03T04:40:53.573Z] > authorizing via signed-in user (ahmedryasser@gmail.com)
[debug] [2023-02-03T04:40:53.573Z] [iam] checking project ahmed-najiub for permissions ["firebase.projects.get","firebasehosting.sites.update"]
[debug] [2023-02-03T04:40:53.575Z] > refreshing access token with scopes: []
[debug] [2023-02-03T04:40:53.575Z] >>> HTTP REQUEST POST https://www.googleapis.com/oauth2/v3/token  
 <request body omitted>
[debug] [2023-02-03T04:40:53.681Z] <<< HTTP RESPONSE 400 {"cache-control":"no-cache, no-store, max-age=0, must-revalidate","pragma":"no-cache","date":"Fri, 03 Feb 2023 04:40:59 GMT","expires":"Mon, 01 Jan 1990 00:00:00 GMT","content-type":"application/json; charset=utf-8","vary":"X-Origin, Referer, Origin,Accept-Encoding","server":"scaffolding on HTTPServer2","x-xss-protection":"0","x-frame-options":"SAMEORIGIN","x-content-type-options":"nosniff","alt-svc":"h3=\":443\"; ma=2592000,h3-29=\":443\"; ma=2592000","accept-ranges":"none","transfer-encoding":"chunked"}
[debug] [2023-02-03T04:40:53.682Z] >>> [apiv2][query] POST https://cloudresourcemanager.googleapis.com/v1/projects/ahmed-najiub:testIamPermissions [none]
[debug] [2023-02-03T04:40:53.683Z] >>> [apiv2][body] POST https://cloudresourcemanager.googleapis.com/v1/projects/ahmed-najiub:testIamPermissions {"permissions":["firebase.projects.get","firebasehosting.sites.update"]}
[debug] [2023-02-03T04:40:53.892Z] <<< [apiv2][status] POST https://cloudresourcemanager.googleapis.com/v1/projects/ahmed-najiub:testIamPermissions 401
[debug] [2023-02-03T04:40:53.892Z] <<< [apiv2][body] POST https://cloudresourcemanager.googleapis.com/v1/projects/ahmed-najiub:testIamPermissions {"error":{"code":401,"message":"Request had invalid authentication credentials. Expected OAuth 2 access token, login cookie or other valid authentication credential. See https://developers.google.com/identity/sign-in/web/devconsole-project.","status":"UNAUTHENTICATED","details":[{"@type":"type.googleapis.com/google.rpc.ErrorInfo","reason":"ACCESS_TOKEN_TYPE_UNSUPPORTED","metadata":{"service":"cloudresourcemanager.googleapis.com","method":"google.cloudresourcemanager.v1.Projects.TestIamPermissions"}}]}}
[debug] [2023-02-03T04:40:53.894Z] [iam] error while checking permissions, command may fail: FirebaseError: HTTP Error: 401, Request had invalid authentication credentials. Expected OAuth 2 access token, login cookie or other valid authentication credential. See https://developers.google.com/identity/sign-in/web/devconsole-project.
[debug] [2023-02-03T04:40:53.894Z] > refreshing access token with scopes: []
[debug] [2023-02-03T04:40:53.895Z] >>> HTTP REQUEST POST https://www.googleapis.com/oauth2/v3/token  
 <request body omitted>
[debug] [2023-02-03T04:40:53.973Z] <<< HTTP RESPONSE 400 {"cache-control":"no-cache, no-store, max-age=0, must-revalidate","date":"Fri, 03 Feb 2023 04:40:59 GMT","expires":"Mon, 01 Jan 1990 00:00:00 GMT","pragma":"no-cache","content-type":"application/json; charset=utf-8","vary":"X-Origin, Referer, Origin,Accept-Encoding","server":"scaffolding on HTTPServer2","x-xss-protection":"0","x-frame-options":"SAMEORIGIN","x-content-type-options":"nosniff","alt-svc":"h3=\":443\"; ma=2592000,h3-29=\":443\"; ma=2592000","accept-ranges":"none","transfer-encoding":"chunked"}
[debug] [2023-02-03T04:40:53.974Z] >>> [apiv2][query] GET https://firebase.googleapis.com/v1beta1/projects/ahmed-najiub [none]
[debug] [2023-02-03T04:40:54.191Z] <<< [apiv2][status] GET https://firebase.googleapis.com/v1beta1/projects/ahmed-najiub 401
[debug] [2023-02-03T04:40:54.192Z] <<< [apiv2][body] GET https://firebase.googleapis.com/v1beta1/projects/ahmed-najiub {"error":{"code":401,"message":"Request had invalid authentication credentials. Expected OAuth 2 access token, login cookie or other valid authentication credential. See https://developers.google.com/identity/sign-in/web/devconsole-project.","status":"UNAUTHENTICATED"}}
[debug] [2023-02-03T04:40:54.192Z] HTTP Error: 401, Request had invalid authentication credentials. Expected OAuth 2 access token, login cookie or other valid authentication credential. See https://developers.google.com/identity/sign-in/web/devconsole-project.
[debug] [2023-02-03T04:40:54.228Z] FirebaseError: HTTP Error: 401, Request had invalid authentication credentials. Expected OAuth 2 access token, login cookie or other valid authentication credential. See https://developers.google.com/identity/sign-in/web/devconsole-project.
    at module.exports (C:\Users\Ahmed Yasser\AppData\Roaming\npm\node_modules\firebase-tools\lib\responseToError.js:47:12)
    at RetryOperation._fn (C:\Users\Ahmed Yasser\AppData\Roaming\npm\node_modules\firebase-tools\lib\apiv2.js:286:39)
    at processTicksAndRejections (internal/process/task_queues.js:95:5)
[error] 
[error] Error: Failed to get Firebase project ahmed-najiub. Please make sure the project exists and your account has permission to access it.
